<?xml version="1.0" encoding="UTF-8"?>
<!-- Generated by org.testng.reporters.JUnitReportReporter -->
<testsuite hostname="KGNLP" failures="0" tests="1" name="com.salesforce.test.Leads" time="48.202" errors="0" timestamp="2022-05-17T02:12:03 CDT" skipped="0">
  <testcase classname="com.salesforce.test.Leads" name="TC24_New_Button_In_Leads" time="48.202"/>
  <system-out/>
</testsuite> <!-- com.salesforce.test.Leads -->
