<?xml version="1.0" encoding="UTF-8"?>
<!-- Generated by org.testng.reporters.JUnitReportReporter -->
<testsuite hostname="KGNLP" failures="0" tests="1" name="com.salesforce.test.Opportunity" time="44.557" errors="0" timestamp="2022-05-17T09:58:56 CDT" skipped="0">
  <testcase classname="com.salesforce.test.Opportunity" name="TC19_Quarterly_Summary_Report" time="44.557"/>
  <system-out/>
</testsuite> <!-- com.salesforce.test.Opportunity -->
