<?xml version="1.0" encoding="UTF-8"?>
<!-- Generated by org.testng.reporters.JUnitReportReporter -->
<testsuite hostname="KGNLP" failures="0" tests="1" name="com.salesforce.test.UserMenuDropDown" time="33.693" errors="0" timestamp="2022-05-16T18:45:51 CDT" skipped="0">
  <testcase classname="com.salesforce.test.UserMenuDropDown" name="TC09_Logout" time="33.693"/>
  <system-out/>
</testsuite> <!-- com.salesforce.test.UserMenuDropDown -->
